<?xml version="1.0" encoding="UTF-8"?>
<!-- Generated by org.testng.reporters.JUnitReportReporter -->
<testsuite hostname="DESKTOP-D1GOMAD" failures="0" tests="1" name="cucumber.options.TestRunner" time="14.493" errors="0" timestamp="2021-11-09T15:23:33 IST" skipped="0">
  <testcase classname="cucumber.options.TestRunner" name="feature" time="14.493"/>
  <system-out/>
</testsuite> <!-- cucumber.options.TestRunner -->
