<?xml version="1.0" encoding="UTF-8"?>
<!-- Generated by org.testng.reporters.JUnitReportReporter -->
<testsuite hostname="DESKTOP-D1GOMAD" failures="0" tests="1" name="com.qa.HomePage" time="13.938" errors="0" timestamp="2021-11-08T22:09:51 IST" skipped="0">
  <testcase classname="com.qa.HomePage" name="BasePage" time="13.938"/>
  <system-out/>
</testsuite> <!-- com.qa.HomePage -->
