<?xml version="1.0" encoding="UTF-8"?>
<!-- Generated by org.testng.reporters.JUnitReportReporter -->
<testsuite hostname="DESKTOP-D1GOMAD" failures="0" tests="1" name="com.qa.TC001_RecruitmentSearch" time="5.265" errors="0" timestamp="2021-11-09T10:52:07 IST" skipped="0">
  <testcase classname="com.qa.TC001_RecruitmentSearch" name="loginValidation" time="5.265"/>
  <system-out/>
</testsuite> <!-- com.qa.TC001_RecruitmentSearch -->
