<?xml version="1.0" encoding="UTF-8"?>
<!-- Generated by org.testng.reporters.JUnitReportReporter -->
<testsuite hostname="DESKTOP-D1GOMAD" failures="0" tests="1" name="com.qa.TC002_RecruitmentSearch_Duplicate" time="9.024" errors="0" timestamp="2021-11-09T14:03:18 IST" skipped="0">
  <testcase classname="com.qa.TC002_RecruitmentSearch_Duplicate" name="loginValidation" time="9.024"/>
  <system-out/>
</testsuite> <!-- com.qa.TC002_RecruitmentSearch_Duplicate -->
